<?xml version="1.0" encoding="UTF-8"?>
<!-- Generated by org.testng.reporters.JUnitReportReporter -->
<testsuite skipped="0" hostname="LAPTOP-LKM43T0H" name="homeWorkTestNGScripts.YahooSignUpTestNGScript" tests="5" failures="0" timestamp="04 Nov 2020 23:48:59 GMT" time="2.885" errors="0">
  <testcase name="URLValidation" time="0.085" classname="homeWorkTestNGScripts.YahooSignUpTestNGScript"/>
  <testcase name="PageTitleValidation" time="0.036" classname="homeWorkTestNGScripts.YahooSignUpTestNGScript"/>
  <testcase name="FillSignUpForm" time="0.688" classname="homeWorkTestNGScripts.YahooSignUpTestNGScript"/>
  <testcase name="SignUpAleart" time="0.031" classname="homeWorkTestNGScripts.YahooSignUpTestNGScript"/>
  <testcase name="SignUpValidatton" time="2.045" classname="homeWorkTestNGScripts.YahooSignUpTestNGScript"/>
</testsuite> <!-- homeWorkTestNGScripts.YahooSignUpTestNGScript -->
