<?xml version="1.0" encoding="UTF-8"?>
<!-- Generated by org.testng.reporters.JUnitReportReporter -->
<testsuite skipped="0" hostname="LAPTOP-LKM43T0H" name="homeWorkTestNGScripts.AutomationPracticeTestNGScript" tests="9" failures="0" timestamp="04 Nov 2020 23:53:21 GMT" time="7.319" errors="0">
  <testcase name="HomePageValidation" time="0.744" classname="homeWorkTestNGScripts.AutomationPracticeTestNGScript"/>
  <testcase name="SpecialPageValidation" time="0.733" classname="homeWorkTestNGScripts.AutomationPracticeTestNGScript"/>
  <testcase name="NewProductsPageValidation" time="0.664" classname="homeWorkTestNGScripts.AutomationPracticeTestNGScript"/>
  <testcase name="BestsellersPageValidation" time="0.858" classname="homeWorkTestNGScripts.AutomationPracticeTestNGScript"/>
  <testcase name="OurstoresPageValidation" time="1.499" classname="homeWorkTestNGScripts.AutomationPracticeTestNGScript"/>
  <testcase name="ContactusPageValidation" time="0.767" classname="homeWorkTestNGScripts.AutomationPracticeTestNGScript"/>
  <testcase name="TermsandconditionsofusePageValidation" time="0.636" classname="homeWorkTestNGScripts.AutomationPracticeTestNGScript"/>
  <testcase name="AboutusPageValidation" time="0.572" classname="homeWorkTestNGScripts.AutomationPracticeTestNGScript"/>
  <testcase name="SitemapPageValidation" time="0.846" classname="homeWorkTestNGScripts.AutomationPracticeTestNGScript"/>
</testsuite> <!-- homeWorkTestNGScripts.AutomationPracticeTestNGScript -->
