<?xml version="1.0" encoding="UTF-8"?>
<!-- Generated by org.testng.reporters.JUnitReportReporter -->
<testsuite hostname="LAPTOP-LKM43T0H" failures="0" tests="1" name="getRequest.GetData" time="2.416" errors="0" timestamp="2021-01-03T21:23:28 EST" skipped="0">
  <testcase classname="getRequest.GetData" name="testResponsecode" time="2.416"/>
  <system-out/>
</testsuite> <!-- getRequest.GetData -->
