<?xml version="1.0" encoding="UTF-8"?>
<!-- Generated by org.testng.reporters.JUnitReportReporter -->
<testsuite hostname="LAPTOP-LKM43T0H" failures="0" tests="2" name="getRequest.GetData" time="3.085" errors="0" timestamp="2021-01-04T12:35:54 EST" skipped="0">
  <testcase classname="getRequest.GetData" name="testbody" time="0.691"/>
  <system-out/>
  <testcase classname="getRequest.GetData" name="testResponsecode" time="2.394"/>
  <system-out/>
</testsuite> <!-- getRequest.GetData -->
