<?xml version="1.0" encoding="UTF-8"?>
<!-- Generated by org.testng.reporters.JUnitReportReporter -->
<testsuite skipped="0" hostname="LAPTOP-LKM43T0H" name="testScripts.PracticeTest" tests="1" failures="0" timestamp="23 Oct 2020 22:39:58 GMT" time="3.626" errors="0">
  <testcase name="SignUpPageTest" time="3.626" classname="testScripts.PracticeTest"/>
</testsuite> <!-- testScripts.PracticeTest -->
