<?xml version="1.0" encoding="UTF-8"?>
<!-- Generated by org.testng.reporters.JUnitReportReporter -->
<testsuite skipped="0" hostname="LAPTOP-LKM43T0H" name="testScripts.FbSignUpTesTNGScript" tests="1" failures="0" timestamp="23 Oct 2020 22:39:58 GMT" time="3.741" errors="0">
  <testcase name="StartTest" time="3.741" classname="testScripts.FbSignUpTesTNGScript"/>
</testsuite> <!-- testScripts.FbSignUpTesTNGScript -->
