<?xml version="1.0" encoding="UTF-8"?>
<!-- Generated by org.testng.reporters.JUnitReportReporter -->
<testsuite skipped="0" hostname="LAPTOP-LKM43T0H" name="testScripts.YahooLoginTestNGScript" tests="1" failures="0" timestamp="23 Oct 2020 22:39:58 GMT" time="0.605" errors="0">
  <testcase name="yahooLogin" time="0.605" classname="testScripts.YahooLoginTestNGScript"/>
</testsuite> <!-- testScripts.YahooLoginTestNGScript -->
